<?xml version="1.0" encoding="UTF-8"?>
<testng-results ignored="0" total="1" passed="1" failed="0" skipped="0">
  <reporter-output>
  </reporter-output>
  <suite started-at="2025-01-31T10:54:10 IST" name="All Test Suite" finished-at="2025-01-31T10:54:13 IST" duration-ms="3320">
    <groups>
    </groups>
    <test started-at="2025-01-31T10:54:10 IST" name="C:/Users/Shanmugasundharam/Git/Selenium_Hybrid_Framework/Selenium/src/main/java/Execution_Engine/Driver_Script.java" finished-at="2025-01-31T10:54:13 IST" duration-ms="3320">
      <class name="Execution_Engine.Driver_Script">
        <test-method is-config="true" signature="BeforeSuite()[pri:0, instance:Execution_Engine.Driver_Script@5b47731f]" started-at="2025-01-31T10:54:04 IST" name="BeforeSuite" finished-at="2025-01-31T10:54:10 IST" duration-ms="5940" status="PASS">
          <reporter-output>
          </reporter-output>
        </test-method> <!-- BeforeSuite -->
        <test-method is-config="true" signature="BeforeTest()[pri:0, instance:Execution_Engine.Driver_Script@5b47731f]" started-at="2025-01-31T10:54:10 IST" name="BeforeTest" finished-at="2025-01-31T10:54:10 IST" duration-ms="3" status="PASS">
          <reporter-output>
          </reporter-output>
        </test-method> <!-- BeforeTest -->
        <test-method is-config="true" signature="BeforeClass()[pri:0, instance:Execution_Engine.Driver_Script@5b47731f]" started-at="2025-01-31T10:54:10 IST" name="BeforeClass" finished-at="2025-01-31T10:54:10 IST" duration-ms="1" status="PASS">
          <reporter-output>
          </reporter-output>
        </test-method> <!-- BeforeClass -->
        <test-method is-config="true" signature="BeforeMethod()[pri:0, instance:Execution_Engine.Driver_Script@5b47731f]" started-at="2025-01-31T10:54:10 IST" name="BeforeMethod" finished-at="2025-01-31T10:54:10 IST" duration-ms="4" status="PASS">
          <reporter-output>
          </reporter-output>
        </test-method> <!-- BeforeMethod -->
        <test-method signature="Initalization()[pri:0, instance:Execution_Engine.Driver_Script@5b47731f]" started-at="2025-01-31T10:54:10 IST" name="Initalization" finished-at="2025-01-31T10:54:13 IST" duration-ms="3092" status="PASS">
          <reporter-output>
          </reporter-output>
        </test-method> <!-- Initalization -->
        <test-method is-config="true" signature="AfterMethod()[pri:0, instance:Execution_Engine.Driver_Script@5b47731f]" started-at="2025-01-31T10:54:13 IST" name="AfterMethod" finished-at="2025-01-31T10:54:13 IST" duration-ms="1" status="PASS">
          <reporter-output>
          </reporter-output>
        </test-method> <!-- AfterMethod -->
        <test-method is-config="true" signature="AfterClass()[pri:0, instance:Execution_Engine.Driver_Script@5b47731f]" started-at="2025-01-31T10:54:13 IST" name="AfterClass" finished-at="2025-01-31T10:54:13 IST" duration-ms="1" status="PASS">
          <reporter-output>
          </reporter-output>
        </test-method> <!-- AfterClass -->
        <test-method is-config="true" signature="AfterTest()[pri:0, instance:Execution_Engine.Driver_Script@5b47731f]" started-at="2025-01-31T10:54:13 IST" name="AfterTest" finished-at="2025-01-31T10:54:13 IST" duration-ms="1" status="PASS">
          <reporter-output>
          </reporter-output>
        </test-method> <!-- AfterTest -->
        <test-method is-config="true" signature="AfterSuite()[pri:0, instance:Execution_Engine.Driver_Script@5b47731f]" started-at="2025-01-31T10:54:13 IST" name="AfterSuite" finished-at="2025-01-31T10:54:13 IST" duration-ms="2" status="PASS">
          <reporter-output>
          </reporter-output>
        </test-method> <!-- AfterSuite -->
      </class> <!-- Execution_Engine.Driver_Script -->
    </test> <!-- C:/Users/Shanmugasundharam/Git/Selenium_Hybrid_Framework/Selenium/src/main/java/Execution_Engine/Driver_Script.java -->
  </suite> <!-- All Test Suite -->
</testng-results>
